setting 'ivy.default.settings.dir' to 'jar:file:/home/ffranz/Repos/mycart/versions/play-2.1.1/framework/sbt/sbt-launch.jar!/org/apache/ivy/core/settings'
setting 'ivy.basedir' to '/home/ffranz/Repos/mycart/template/.'
setting 'ivy.default.conf.dir' to 'jar:file:/home/ffranz/Repos/mycart/versions/play-2.1.1/framework/sbt/sbt-launch.jar!/org/apache/ivy/core/settings'
impossible to define new type: class not found: org.apache.ivy.plugins.resolver.SshResolver in [] nor Ivy classloader
impossible to define new type: class not found: org.apache.ivy.plugins.resolver.VsftpResolver in [] nor Ivy classloader
impossible to define new type: class not found: org.apache.ivy.plugins.version.PatternVersionMatcher in [] nor Ivy classloader
impossible to define new type: class not found: org.apache.ivy.plugins.trigger.LogTrigger in [] nor Ivy classloader
impossible to define new type: class not found: org.apache.ivy.ant.AntBuildTrigger in [] nor Ivy classloader
impossible to define new type: class not found: org.apache.ivy.plugins.resolver.IvyRepResolver in [] nor Ivy classloader
impossible to define new type: class not found: org.apache.ivy.plugins.signer.bouncycastle.OpenPGPSignatureGenerator in [] nor Ivy classloader
impossible to define new type: class not found: org.apache.ivy.plugins.conflict.RegexpConflictManager in [] nor Ivy classloader
impossible to define new type: class not found: org.apache.ivy.plugins.resolver.SFTPResolver in [] nor Ivy classloader
impossible to define new type: class not found: org.apache.ivy.osgi.updatesite.UpdateSiteResolver in [] nor Ivy classloader
impossible to define new type: class not found: org.apache.ivy.ant.AntCallTrigger in [] nor Ivy classloader
impossible to define new type: class not found: org.apache.ivy.plugins.resolver.MirroredURLResolver in [] nor Ivy classloader
impossible to define new type: class not found: org.apache.ivy.plugins.resolver.packager.PackagerResolver in [] nor Ivy classloader
impossible to define new type: class not found: org.apache.ivy.plugins.resolver.DualResolver in [] nor Ivy classloader
impossible to define new type: class not found: org.apache.ivy.plugins.resolver.VfsResolver in [] nor Ivy classloader
impossible to define new type: class not found: org.apache.ivy.plugins.resolver.JarResolver in [] nor Ivy classloader
impossible to define new type: class not found: org.apache.ivy.osgi.obr.OBRResolver in [] nor Ivy classloader
impossible to define glob matcher: org.apache.ivy.plugins.matcher.GlobPatternMatcher was not found.
setting 'sbt.ivy.home' to '/home/ffranz/Repos/mycart/versions/play-2.1.1/framework/../repository'
setting 'java.runtime.name' to 'Java(TM) SE Runtime Environment'
setting 'sun.boot.library.path' to '/usr/java/jdk1.7.0_13/jre/lib/amd64'
setting 'java.vm.version' to '23.7-b01'
setting 'java.vm.vendor' to 'Oracle Corporation'
setting 'java.vendor.url' to 'http://java.oracle.com/'
setting 'path.separator' to ':'
setting 'java.vm.name' to 'Java HotSpot(TM) 64-Bit Server VM'
setting 'file.encoding.pkg' to 'sun.io'
setting 'user.country' to 'US'
setting 'sun.java.launcher' to 'SUN_STANDARD'
setting 'sun.os.patch.level' to 'unknown'
setting 'java.vm.specification.name' to 'Java Virtual Machine Specification'
setting 'user.dir' to '/home/ffranz/Repos/mycart/template'
setting 'java.runtime.version' to '1.7.0_13-b20'
setting 'sbt.boot.properties' to '/home/ffranz/Repos/mycart/versions/play-2.1.1/framework/sbt/sbt.boot.properties'
setting 'java.awt.graphicsenv' to 'sun.awt.X11GraphicsEnvironment'
setting 'java.endorsed.dirs' to '/usr/java/jdk1.7.0_13/jre/lib/endorsed'
setting 'os.arch' to 'amd64'
setting 'java.io.tmpdir' to '/tmp'
setting 'line.separator' to '
'
setting 'java.vm.specification.vendor' to 'Oracle Corporation'
setting 'os.name' to 'Linux'
setting 'sun.jnu.encoding' to 'UTF-8'
setting 'java.library.path' to '/usr/java/packages/lib/amd64:/usr/lib64:/lib64:/lib:/usr/lib'
setting 'java.specification.name' to 'Java Platform API Specification'
setting 'java.class.version' to '51.0'
setting 'play.home' to '/home/ffranz/Repos/mycart/versions/play-2.1.1/framework'
setting 'sun.management.compiler' to 'HotSpot 64-Bit Tiered Compilers'
setting 'os.version' to '3.9.6-200.fc18.x86_64'
setting 'user.home' to '/home/ffranz'
setting 'user.timezone' to 'America/Sao_Paulo'
setting 'java.awt.printerjob' to 'sun.print.PSPrinterJob'
setting 'file.encoding' to 'UTF-8'
setting 'java.specification.version' to '1.7'
setting 'java.class.path' to '/home/ffranz/Repos/mycart/versions/play-2.1.1/framework/sbt/sbt-launch.jar'
setting 'user.name' to 'ffranz'
setting 'play.version' to '2.1.1'
setting 'java.vm.specification.version' to '1.7'
setting 'sun.java.command' to '/home/ffranz/Repos/mycart/versions/play-2.1.1/framework/sbt/sbt-launch.jar play'
setting 'java.home' to '/usr/java/jdk1.7.0_13/jre'
setting 'sun.arch.data.model' to '64'
setting 'user.language' to 'en'
setting 'java.specification.vendor' to 'Oracle Corporation'
setting 'awt.toolkit' to 'sun.awt.X11.XToolkit'
setting 'java.vm.info' to 'mixed mode'
setting 'java.version' to '1.7.0_13'
setting 'java.ext.dirs' to '/usr/java/jdk1.7.0_13/jre/lib/ext:/usr/java/packages/lib/ext'
setting 'sun.boot.class.path' to '/usr/java/jdk1.7.0_13/jre/lib/resources.jar:/usr/java/jdk1.7.0_13/jre/lib/rt.jar:/usr/java/jdk1.7.0_13/jre/lib/sunrsasign.jar:/usr/java/jdk1.7.0_13/jre/lib/jsse.jar:/usr/java/jdk1.7.0_13/jre/lib/jce.jar:/usr/java/jdk1.7.0_13/jre/lib/charsets.jar:/usr/java/jdk1.7.0_13/jre/lib/jfr.jar:/usr/java/jdk1.7.0_13/jre/classes'
setting 'java.vendor' to 'Oracle Corporation'
setting 'file.separator' to '/'
setting 'java.vendor.url.bug' to 'http://bugreport.sun.com/bugreport/'
setting 'sun.io.unicode.encoding' to 'UnicodeLittle'
setting 'sun.cpu.endian' to 'little'
setting 'sun.desktop' to 'gnome'
setting 'sun.cpu.isalist' to ''
setting 'ivy.default.ivy.user.dir' to '/home/ffranz/Repos/mycart/versions/play-2.1.1/framework/../repository'
setting 'ivy.home' to '/home/ffranz/Repos/mycart/versions/play-2.1.1/framework/../repository'
setting 'ivy.cache.dir' to '/home/ffranz/Repos/mycart/versions/play-2.1.1/framework/../repository/cache'
no default cache defined: set to /home/ffranz/Repos/mycart/versions/play-2.1.1/framework/../repository/cache
setting 'ivy.checksums' to 'sha1,md5'
setting 'ivy.basedir' to '/home/ffranz/Repos/mycart/versions/play-2.1.1/framework/sbt/boot'
setting 'basedir' to '/home/ffranz/Repos/mycart/versions/play-2.1.1/framework/sbt/boot'
setting 'scala' to '2.10.0'
:: resolving dependencies :: org.scala-sbt#boot-scala;1.0
	confs: [default]
	validate = true
	refresh = false
resolving dependencies for configuration 'default'
== resolving dependencies for org.scala-sbt#boot-scala;1.0 [default]
loadData of org.scala-sbt#boot-scala;1.0 of rootConf=default
== resolving dependencies org.scala-sbt#boot-scala;1.0->org.scala-lang#scala-compiler;2.10.0 [default->default]
loadData of org.scala-lang#scala-compiler;2.10.0 of rootConf=default
	using redefined-public to resolve org.scala-lang#scala-compiler;2.10.0
redefined-public: Checking cache for: dependency: org.scala-lang#scala-compiler;2.10.0 {default=[default, optional(default)]}
redefined-public: no namespace defined: using system
	no ivy file in cache for org.scala-lang#scala-compiler;2.10.0: tried /home/ffranz/Repos/mycart/versions/play-2.1.1/framework/../repository/cache/org.scala-lang/scala-compiler/ivy-2.10.0.xml
redefined-public: no latest strategy defined: using default
local: no namespace defined: using system
	no ivy file in cache for org.scala-lang#scala-compiler;2.10.0: tried /home/ffranz/Repos/mycart/versions/play-2.1.1/framework/../repository/cache/org.scala-lang/scala-compiler/ivy-2.10.0.xml
	 trying /home/ffranz/Repos/mycart/versions/play-2.1.1/repository/local/org.scala-lang/scala-compiler/2.10.0/ivys/ivy.xml
		tried /home/ffranz/Repos/mycart/versions/play-2.1.1/repository/local/org.scala-lang/scala-compiler/2.10.0/ivys/ivy.xml
	local: found md file for org.scala-lang#scala-compiler;2.10.0
		=> /home/ffranz/Repos/mycart/versions/play-2.1.1/repository/local/org.scala-lang/scala-compiler/2.10.0/ivys/ivy.xml (2.10.0)
	parser = ivy parser
	no ivy file in cache for org.scala-lang#scala-compiler;2.10.0: tried /home/ffranz/Repos/mycart/versions/play-2.1.1/framework/../repository/cache/org.scala-lang/scala-compiler/ivy-2.10.0.xml
	[NOT REQUIRED] org.scala-lang#scala-compiler;2.10.0!ivy.xml(ivy.original)
post 1.3 ivy file: using exact as default matcher
	default-cache: parsed downloaded md file for org.scala-lang#scala-compiler;2.10.0; parsed=org.scala-lang#scala-compiler;2.10.0
	checking org.scala-lang#scala-compiler;2.10.0 from local against [none]
	module revision kept as first found: org.scala-lang#scala-compiler;2.10.0 from local
	found org.scala-lang#scala-compiler;2.10.0 in local
== resolving dependencies org.scala-sbt#boot-scala;1.0->org.scala-lang#scala-compiler;2.10.0 [default->runtime]
loadData of org.scala-lang#scala-compiler;2.10.0 of rootConf=default
== resolving dependencies org.scala-sbt#boot-scala;1.0->org.scala-lang#scala-compiler;2.10.0 [default->compile]
loadData of org.scala-lang#scala-compiler;2.10.0 of rootConf=default
== resolving dependencies org.scala-lang#scala-compiler;2.10.0->org.scala-lang#scala-library;2.10.0 [compile->master(*)]
loadData of org.scala-lang#scala-library;2.10.0 of rootConf=default
	using redefined-public to resolve org.scala-lang#scala-library;2.10.0
redefined-public: Checking cache for: dependency: org.scala-lang#scala-library;2.10.0 {compile=[compile(*), master(*)], runtime=[runtime(*)]}
	no ivy file in cache for org.scala-lang#scala-library;2.10.0: tried /home/ffranz/Repos/mycart/versions/play-2.1.1/framework/../repository/cache/org.scala-lang/scala-library/ivy-2.10.0.xml
	no ivy file in cache for org.scala-lang#scala-library;2.10.0: tried /home/ffranz/Repos/mycart/versions/play-2.1.1/framework/../repository/cache/org.scala-lang/scala-library/ivy-2.10.0.xml
	 trying /home/ffranz/Repos/mycart/versions/play-2.1.1/repository/local/org.scala-lang/scala-library/2.10.0/ivys/ivy.xml
		tried /home/ffranz/Repos/mycart/versions/play-2.1.1/repository/local/org.scala-lang/scala-library/2.10.0/ivys/ivy.xml
	local: found md file for org.scala-lang#scala-library;2.10.0
		=> /home/ffranz/Repos/mycart/versions/play-2.1.1/repository/local/org.scala-lang/scala-library/2.10.0/ivys/ivy.xml (2.10.0)
	parser = ivy parser
	no ivy file in cache for org.scala-lang#scala-library;2.10.0: tried /home/ffranz/Repos/mycart/versions/play-2.1.1/framework/../repository/cache/org.scala-lang/scala-library/ivy-2.10.0.xml
	[NOT REQUIRED] org.scala-lang#scala-library;2.10.0!ivy.xml(ivy.original)
post 1.3 ivy file: using exact as default matcher
	default-cache: parsed downloaded md file for org.scala-lang#scala-library;2.10.0; parsed=org.scala-lang#scala-library;2.10.0
	checking org.scala-lang#scala-library;2.10.0 from local against [none]
	module revision kept as first found: org.scala-lang#scala-library;2.10.0 from local
	found org.scala-lang#scala-library;2.10.0 in local
== resolving dependencies org.scala-lang#scala-compiler;2.10.0->org.scala-lang#scala-library;2.10.0 [compile->compile(*)]
loadData of org.scala-lang#scala-library;2.10.0 of rootConf=default
== resolving dependencies org.scala-lang#scala-compiler;2.10.0->org.scala-lang#scala-library;2.10.0 [compile->default]
loadData of org.scala-lang#scala-library;2.10.0 of rootConf=default
== resolving dependencies org.scala-lang#scala-compiler;2.10.0->org.scala-lang#scala-library;2.10.0 [compile->runtime]
loadData of org.scala-lang#scala-library;2.10.0 of rootConf=default
== resolving dependencies org.scala-lang#scala-compiler;2.10.0->org.scala-lang#scala-library;2.10.0 [compile->compile]
loadData of org.scala-lang#scala-library;2.10.0 of rootConf=default
== resolving dependencies org.scala-lang#scala-compiler;2.10.0->org.scala-lang#scala-library;2.10.0 [compile->master]
loadData of org.scala-lang#scala-library;2.10.0 of rootConf=default
== resolving dependencies org.scala-lang#scala-compiler;2.10.0->org.scala-lang#scala-reflect;2.10.0 [compile->master(*)]
loadData of org.scala-lang#scala-reflect;2.10.0 of rootConf=default
	using redefined-public to resolve org.scala-lang#scala-reflect;2.10.0
redefined-public: Checking cache for: dependency: org.scala-lang#scala-reflect;2.10.0 {compile=[compile(*), master(*)], runtime=[runtime(*)]}
	no ivy file in cache for org.scala-lang#scala-reflect;2.10.0: tried /home/ffranz/Repos/mycart/versions/play-2.1.1/framework/../repository/cache/org.scala-lang/scala-reflect/ivy-2.10.0.xml
	no ivy file in cache for org.scala-lang#scala-reflect;2.10.0: tried /home/ffranz/Repos/mycart/versions/play-2.1.1/framework/../repository/cache/org.scala-lang/scala-reflect/ivy-2.10.0.xml
	 trying /home/ffranz/Repos/mycart/versions/play-2.1.1/repository/local/org.scala-lang/scala-reflect/2.10.0/ivys/ivy.xml
		tried /home/ffranz/Repos/mycart/versions/play-2.1.1/repository/local/org.scala-lang/scala-reflect/2.10.0/ivys/ivy.xml
	local: found md file for org.scala-lang#scala-reflect;2.10.0
		=> /home/ffranz/Repos/mycart/versions/play-2.1.1/repository/local/org.scala-lang/scala-reflect/2.10.0/ivys/ivy.xml (2.10.0)
	parser = ivy parser
	no ivy file in cache for org.scala-lang#scala-reflect;2.10.0: tried /home/ffranz/Repos/mycart/versions/play-2.1.1/framework/../repository/cache/org.scala-lang/scala-reflect/ivy-2.10.0.xml
	[NOT REQUIRED] org.scala-lang#scala-reflect;2.10.0!ivy.xml(ivy.original)
post 1.3 ivy file: using exact as default matcher
	default-cache: parsed downloaded md file for org.scala-lang#scala-reflect;2.10.0; parsed=org.scala-lang#scala-reflect;2.10.0
	checking org.scala-lang#scala-reflect;2.10.0 from local against [none]
	module revision kept as first found: org.scala-lang#scala-reflect;2.10.0 from local
	found org.scala-lang#scala-reflect;2.10.0 in local
== resolving dependencies org.scala-lang#scala-compiler;2.10.0->org.scala-lang#scala-reflect;2.10.0 [compile->compile(*)]
loadData of org.scala-lang#scala-reflect;2.10.0 of rootConf=default
== resolving dependencies org.scala-lang#scala-reflect;2.10.0->org.scala-lang#scala-library;2.10.0 [compile->master(*)]
loadData of org.scala-lang#scala-library;2.10.0 of rootConf=default
default is loaded and no conf to load.  Skip loading
== resolving dependencies org.scala-lang#scala-reflect;2.10.0->org.scala-lang#scala-library;2.10.0 [compile->compile(*)]
loadData of org.scala-lang#scala-library;2.10.0 of rootConf=default
default is loaded and no conf to load.  Skip loading
== resolving dependencies org.scala-lang#scala-compiler;2.10.0->org.scala-lang#scala-library;2.10.0 [runtime->runtime(*)]
loadData of org.scala-lang#scala-library;2.10.0 of rootConf=default
== resolving dependencies org.scala-lang#scala-compiler;2.10.0->org.scala-lang#scala-library;2.10.0 [runtime->compile]
loadData of org.scala-lang#scala-library;2.10.0 of rootConf=default
default is loaded and no conf to load.  Skip loading
== resolving dependencies org.scala-lang#scala-compiler;2.10.0->org.scala-lang#scala-reflect;2.10.0 [runtime->runtime(*)]
loadData of org.scala-lang#scala-reflect;2.10.0 of rootConf=default
== resolving dependencies org.scala-lang#scala-compiler;2.10.0->org.scala-lang#scala-reflect;2.10.0 [runtime->compile]
loadData of org.scala-lang#scala-reflect;2.10.0 of rootConf=default
== resolving dependencies org.scala-lang#scala-reflect;2.10.0->org.scala-lang#scala-library;2.10.0 [runtime->runtime(*)]
loadData of org.scala-lang#scala-library;2.10.0 of rootConf=default
default is loaded and no conf to load.  Skip loading
== resolving dependencies org.scala-lang#scala-reflect;2.10.0->org.scala-lang#scala-library;2.10.0 [runtime->compile]
loadData of org.scala-lang#scala-library;2.10.0 of rootConf=default
default is loaded and no conf to load.  Skip loading
== resolving dependencies org.scala-sbt#boot-scala;1.0->org.scala-lang#scala-compiler;2.10.0 [default->master]
loadData of org.scala-lang#scala-compiler;2.10.0 of rootConf=default
== resolving dependencies org.scala-sbt#boot-scala;1.0->org.scala-lang#scala-compiler;2.10.0 [default->optional(default)]
loadData of org.scala-lang#scala-compiler;2.10.0 of rootConf=default
== resolving dependencies org.scala-lang#scala-compiler;2.10.0->org.scala-lang#jline;2.10.0 [optional->master(*)]
loadData of org.scala-lang#jline;2.10.0 of rootConf=default
	using redefined-public to resolve org.scala-lang#jline;2.10.0
redefined-public: Checking cache for: dependency: org.scala-lang#jline;2.10.0 {optional=[compile(*), master(*)]}
	no ivy file in cache for org.scala-lang#jline;2.10.0: tried /home/ffranz/Repos/mycart/versions/play-2.1.1/framework/../repository/cache/org.scala-lang/jline/ivy-2.10.0.xml
	no ivy file in cache for org.scala-lang#jline;2.10.0: tried /home/ffranz/Repos/mycart/versions/play-2.1.1/framework/../repository/cache/org.scala-lang/jline/ivy-2.10.0.xml
	 trying /home/ffranz/Repos/mycart/versions/play-2.1.1/repository/local/org.scala-lang/jline/2.10.0/ivys/ivy.xml
		tried /home/ffranz/Repos/mycart/versions/play-2.1.1/repository/local/org.scala-lang/jline/2.10.0/ivys/ivy.xml
	local: found md file for org.scala-lang#jline;2.10.0
		=> /home/ffranz/Repos/mycart/versions/play-2.1.1/repository/local/org.scala-lang/jline/2.10.0/ivys/ivy.xml (2.10.0)
	parser = ivy parser
	no ivy file in cache for org.scala-lang#jline;2.10.0: tried /home/ffranz/Repos/mycart/versions/play-2.1.1/framework/../repository/cache/org.scala-lang/jline/ivy-2.10.0.xml
	[NOT REQUIRED] org.scala-lang#jline;2.10.0!ivy.xml(ivy.original)
post 1.3 ivy file: using exact as default matcher
	default-cache: parsed downloaded md file for org.scala-lang#jline;2.10.0; parsed=org.scala-lang#jline;2.10.0
	checking org.scala-lang#jline;2.10.0 from local against [none]
	module revision kept as first found: org.scala-lang#jline;2.10.0 from local
	found org.scala-lang#jline;2.10.0 in local
== resolving dependencies org.scala-lang#scala-compiler;2.10.0->org.scala-lang#jline;2.10.0 [optional->compile(*)]
loadData of org.scala-lang#jline;2.10.0 of rootConf=default
== resolving dependencies org.scala-lang#jline;2.10.0->org.fusesource.jansi#jansi;1.4 [compile->master(*)]
loadData of org.fusesource.jansi#jansi;1.4 of rootConf=default
	using redefined-public to resolve org.fusesource.jansi#jansi;1.4
redefined-public: Checking cache for: dependency: org.fusesource.jansi#jansi;1.4 {compile=[compile(*), master(*)], runtime=[runtime(*)]}
No entry is found in the ModuleDescriptorCache : /home/ffranz/Repos/mycart/versions/play-2.1.1/framework/../repository/cache/org.fusesource.jansi/jansi/ivy-1.4.xml
post 1.3 ivy file: using exact as default matcher
	found ivy file in cache for org.fusesource.jansi#jansi;1.4 (resolved by local): /home/ffranz/Repos/mycart/versions/play-2.1.1/framework/../repository/cache/org.fusesource.jansi/jansi/ivy-1.4.xml
redefined-public: module revision found in cache: org.fusesource.jansi#jansi;1.4
	found org.fusesource.jansi#jansi;1.4 in local
== resolving dependencies org.scala-lang#jline;2.10.0->org.fusesource.jansi#jansi;1.4 [compile->compile(*)]
loadData of org.fusesource.jansi#jansi;1.4 of rootConf=default
== resolving dependencies org.scala-sbt#boot-scala;1.0->org.scala-lang#scala-library;2.10.0 [default->default]
loadData of org.scala-lang#scala-library;2.10.0 of rootConf=default
default is loaded and no conf to load.  Skip loading
== resolving dependencies org.scala-sbt#boot-scala;1.0->org.scala-lang#scala-library;2.10.0 [default->runtime]
loadData of org.scala-lang#scala-library;2.10.0 of rootConf=default
default is loaded and no conf to load.  Skip loading
== resolving dependencies org.scala-sbt#boot-scala;1.0->org.scala-lang#scala-library;2.10.0 [default->compile]
loadData of org.scala-lang#scala-library;2.10.0 of rootConf=default
default is loaded and no conf to load.  Skip loading
== resolving dependencies org.scala-sbt#boot-scala;1.0->org.scala-lang#scala-library;2.10.0 [default->master]
loadData of org.scala-lang#scala-library;2.10.0 of rootConf=default
default is loaded and no conf to load.  Skip loading
Nbr of module to sort : 5
Sort dependencies of : org.scala-lang#scala-compiler;2.10.0 / Number of dependencies = 3
Sort dependencies of : org.scala-lang#scala-library;2.10.0 / Number of dependencies = 0
Sort done for : org.scala-lang#scala-library;2.10.0
Sort dependencies of : org.scala-lang#scala-reflect;2.10.0 / Number of dependencies = 1
Module descriptor is processed : org.scala-lang#scala-library;2.10.0
Sort done for : org.scala-lang#scala-reflect;2.10.0
Sort dependencies of : org.scala-lang#jline;2.10.0 / Number of dependencies = 1
Sort dependencies of : org.fusesource.jansi#jansi;1.4 / Number of dependencies = 1
Sort done for : org.fusesource.jansi#jansi;1.4
Sort done for : org.scala-lang#jline;2.10.0
Sort done for : org.scala-lang#scala-compiler;2.10.0
Module descriptor is processed : org.scala-lang#scala-library;2.10.0
Module descriptor is processed : org.scala-lang#scala-reflect;2.10.0
Module descriptor is processed : org.scala-lang#jline;2.10.0
Module descriptor is processed : org.fusesource.jansi#jansi;1.4
	resolved ivy file produced in /home/ffranz/Repos/mycart/versions/play-2.1.1/framework/../repository/cache/resolved-org.scala-sbt-boot-scala-1.0.xml
:: downloading artifacts ::
	 trying /home/ffranz/Repos/mycart/versions/play-2.1.1/repository/local/org.scala-lang/scala-compiler/2.10.0/jars/scala-compiler.jar
		tried /home/ffranz/Repos/mycart/versions/play-2.1.1/repository/local/org.scala-lang/scala-compiler/2.10.0/jars/scala-compiler.jar
	[NOT REQUIRED] org.scala-lang#scala-compiler;2.10.0!scala-compiler.jar
	 trying /home/ffranz/Repos/mycart/versions/play-2.1.1/repository/local/org.scala-lang/scala-library/2.10.0/jars/scala-library.jar
		tried /home/ffranz/Repos/mycart/versions/play-2.1.1/repository/local/org.scala-lang/scala-library/2.10.0/jars/scala-library.jar
	[NOT REQUIRED] org.scala-lang#scala-library;2.10.0!scala-library.jar
	 trying /home/ffranz/Repos/mycart/versions/play-2.1.1/repository/local/org.scala-lang/scala-reflect/2.10.0/jars/scala-reflect.jar
		tried /home/ffranz/Repos/mycart/versions/play-2.1.1/repository/local/org.scala-lang/scala-reflect/2.10.0/jars/scala-reflect.jar
	[NOT REQUIRED] org.scala-lang#scala-reflect;2.10.0!scala-reflect.jar
	 trying /home/ffranz/Repos/mycart/versions/play-2.1.1/repository/local/org.scala-lang/jline/2.10.0/jars/jline.jar
		tried /home/ffranz/Repos/mycart/versions/play-2.1.1/repository/local/org.scala-lang/jline/2.10.0/jars/jline.jar
	[NOT REQUIRED] org.scala-lang#jline;2.10.0!jline.jar
	[NOT REQUIRED] org.fusesource.jansi#jansi;1.4!jansi.jar
:: resolution report :: resolve 222ms :: artifacts dl 4ms
Nbr of module to sort : 5
Sort dependencies of : org.scala-lang#scala-compiler;2.10.0 / Number of dependencies = 3
Sort dependencies of : org.scala-lang#scala-library;2.10.0 / Number of dependencies = 0
Sort done for : org.scala-lang#scala-library;2.10.0
Sort dependencies of : org.scala-lang#scala-reflect;2.10.0 / Number of dependencies = 1
Module descriptor is processed : org.scala-lang#scala-library;2.10.0
Sort done for : org.scala-lang#scala-reflect;2.10.0
Sort dependencies of : org.scala-lang#jline;2.10.0 / Number of dependencies = 1
Sort dependencies of : org.fusesource.jansi#jansi;1.4 / Number of dependencies = 1
Sort done for : org.fusesource.jansi#jansi;1.4
Sort done for : org.scala-lang#jline;2.10.0
Sort done for : org.scala-lang#scala-compiler;2.10.0
Module descriptor is processed : org.scala-lang#scala-library;2.10.0
Module descriptor is processed : org.scala-lang#scala-reflect;2.10.0
Module descriptor is processed : org.scala-lang#jline;2.10.0
Module descriptor is processed : org.fusesource.jansi#jansi;1.4
	report for org.scala-sbt#boot-scala;1.0 default produced in /home/ffranz/Repos/mycart/versions/play-2.1.1/framework/../repository/cache/org.scala-sbt-boot-scala-default.xml
	resolve done (222ms resolve - 4ms download)
setting 'scala' to '2.10.0'
:: retrieving :: org.scala-sbt#boot-scala
	checkUpToDate=true
no explicit confs given for retrieve, using ivy file: /home/ffranz/Repos/mycart/versions/play-2.1.1/framework/../repository/cache/resolved-org.scala-sbt-boot-scala-1.0.xml
using ivy parser to parse /home/ffranz/Repos/mycart/versions/play-2.1.1/framework/../repository/cache/resolved-org.scala-sbt-boot-scala-1.0.xml
post 1.3 ivy file: using exact as default matcher
	confs: [default]
	retrieving /home/ffranz/Repos/mycart/versions/play-2.1.1/repository/local/org.scala-lang/jline/2.10.0/jars/jline.jar
		to /home/ffranz/Repos/mycart/versions/play-2.1.1/framework/sbt/boot/scala-2.10.0/lib/jline.jar
	retrieving /home/ffranz/Repos/mycart/versions/play-2.1.1/repository/local/org.scala-lang/scala-library/2.10.0/jars/scala-library.jar
		to /home/ffranz/Repos/mycart/versions/play-2.1.1/framework/sbt/boot/scala-2.10.0/lib/scala-library.jar
	retrieving /home/ffranz/Repos/mycart/versions/play-2.1.1/repository/local/org.fusesource.jansi/jansi/1.4/jars/jansi.jar
		to /home/ffranz/Repos/mycart/versions/play-2.1.1/framework/sbt/boot/scala-2.10.0/lib/jansi.jar
	retrieving /home/ffranz/Repos/mycart/versions/play-2.1.1/repository/local/org.scala-lang/scala-reflect/2.10.0/jars/scala-reflect.jar
		to /home/ffranz/Repos/mycart/versions/play-2.1.1/framework/sbt/boot/scala-2.10.0/lib/scala-reflect.jar
	retrieving /home/ffranz/Repos/mycart/versions/play-2.1.1/repository/local/org.scala-lang/scala-compiler/2.10.0/jars/scala-compiler.jar
		to /home/ffranz/Repos/mycart/versions/play-2.1.1/framework/sbt/boot/scala-2.10.0/lib/scala-compiler.jar
	5 artifacts copied, 0 already retrieved (24106kB/353ms)
	retrieve done (353ms)
